<?xml version="1.0" encoding="UTF-8"?>
<!-- Generated by org.testng.reporters.JUnitXMLReporter -->
<testsuite hostname="Asheeshs-MacBook-Pro.local" name="Command line test" tests="3" failures="0" timestamp="10 Apr 2017 05:43:40 GMT" time="134.175" errors="0">
  <testcase name="@BeforeClass StartBrowser" time="0.0" classname="com.AppDirect.Tests.PagesTest">
    <failure type="java.util.NoSuchElementException">
      <![CDATA[java.util.NoSuchElementException
	at java.util.Scanner.throwFor(Scanner.java:862)
	at java.util.Scanner.next(Scanner.java:1485)
	at java.util.Scanner.nextInt(Scanner.java:2117)
	at java.util.Scanner.nextInt(Scanner.java:2076)
	at com.AppDirect.BrowserSelect.BrowserChoice.BrowserSelection(BrowserChoice.java:16)
	at com.AppDirect.Tests.PagesTest.StartBrowser(PagesTest.java:38)
	at org.apache.maven.surefire.testng.TestNGExecutor.run(TestNGExecutor.java:77)
	at org.apache.maven.surefire.testng.TestNGDirectoryTestSuite.execute(TestNGDirectoryTestSuite.java:110)
	at org.apache.maven.surefire.testng.TestNGProvider.invoke(TestNGProvider.java:106)
	at org.apache.maven.surefire.util.ReflectionUtils.invokeMethodWithArray(ReflectionUtils.java:189)
	at org.apache.maven.surefire.booter.ProviderFactory$ProviderProxy.invoke(ProviderFactory.java:165)
	at org.apache.maven.surefire.booter.ProviderFactory.invokeProvider(ProviderFactory.java:85)
	at org.apache.maven.surefire.booter.ForkedBooter.runSuitesInProcess(ForkedBooter.java:115)
	at org.apache.maven.surefire.booter.ForkedBooter.main(ForkedBooter.java:75)
... Removed 25 stack frames]]>
    </failure>
  </testcase> <!-- @BeforeClass StartBrowser -->
  <testcase name="@AfterClass CloseBrowser" time="0.0" classname="com.AppDirect.Tests.PagesTest">
    <skipped/>
  </testcase> <!-- @AfterClass CloseBrowser -->
  <testcase name="HomePageTest" time="0.001" classname="com.AppDirect.Tests.PagesTest">
    <skipped/>
  </testcase> <!-- HomePageTest -->
  <testcase name="SignUpPageTest" time="0.001" classname="com.AppDirect.Tests.PagesTest">
    <skipped/>
  </testcase> <!-- SignUpPageTest -->
  <testcase name="EmailPage" time="0.0" classname="com.AppDirect.Tests.PagesTest">
    <skipped/>
  </testcase> <!-- EmailPage -->
</testsuite> <!-- Command line test -->
