<?xml version="1.0" encoding="UTF-8"?>
<!-- Generated by org.testng.reporters.JUnitXMLReporter -->
<testsuite hostname="Asheeshs-MacBook-Pro.local" name="Default test" tests="3" failures="0" timestamp="10 Apr 2017 19:49:43 GMT" time="36.68" errors="0">
  <testcase name="HomePageTest" time="23.652" classname="com.AppDirect.Tests.PagesTest"/>
  <testcase name="SignUpPageTest" time="7.521" classname="com.AppDirect.Tests.PagesTest"/>
  <testcase name="EmailPage" time="0.213" classname="com.AppDirect.Tests.PagesTest"/>
</testsuite> <!-- Default test -->
