<?xml version="1.0" encoding="UTF-8"?>
<testng-results skipped="3" failed="0" total="3" passed="0">
  <reporter-output>
    <line>
      <![CDATA[Testing while starting browser]]>
    </line>
    <line>
      <![CDATA[Enter your choice]]>
    </line>
    <line>
      <![CDATA[1.Chrome]]>
    </line>
    <line>
      <![CDATA[2.Firefox]]>
    </line>
  </reporter-output>
  <suite name="com.AppDirect.Tests.PagesTest" duration-ms="134175" started-at="2017-04-10T05:41:21Z" finished-at="2017-04-10T05:43:35Z">
    <groups>
    </groups>
    <test name="Command line test" duration-ms="134175" started-at="2017-04-10T05:41:21Z" finished-at="2017-04-10T05:43:35Z">
      <class name="com.AppDirect.Tests.PagesTest">
        <test-method status="FAIL" signature="StartBrowser()[pri:0, instance:com.AppDirect.Tests.PagesTest@13fee20c]" name="StartBrowser" is-config="true" duration-ms="0" started-at="2017-04-10T11:11:21Z" finished-at="2017-04-10T11:11:21Z">
          <exception class="java.util.NoSuchElementException">
            <full-stacktrace>
              <![CDATA[java.util.NoSuchElementException
	at java.util.Scanner.throwFor(Scanner.java:862)
	at java.util.Scanner.next(Scanner.java:1485)
	at java.util.Scanner.nextInt(Scanner.java:2117)
	at java.util.Scanner.nextInt(Scanner.java:2076)
	at com.AppDirect.BrowserSelect.BrowserChoice.BrowserSelection(BrowserChoice.java:16)
	at com.AppDirect.Tests.PagesTest.StartBrowser(PagesTest.java:38)
	at sun.reflect.NativeMethodAccessorImpl.invoke0(Native Method)
	at sun.reflect.NativeMethodAccessorImpl.invoke(NativeMethodAccessorImpl.java:62)
	at sun.reflect.DelegatingMethodAccessorImpl.invoke(DelegatingMethodAccessorImpl.java:43)
	at java.lang.reflect.Method.invoke(Method.java:498)
	at org.testng.internal.MethodInvocationHelper.invokeMethod(MethodInvocationHelper.java:80)
	at org.testng.internal.Invoker.invokeConfigurationMethod(Invoker.java:564)
	at org.testng.internal.Invoker.invokeConfigurations(Invoker.java:213)
	at org.testng.internal.Invoker.invokeConfigurations(Invoker.java:138)
	at org.testng.internal.TestMethodWorker.invokeBeforeClassMethods(TestMethodWorker.java:175)
	at org.testng.internal.TestMethodWorker.run(TestMethodWorker.java:107)
	at org.testng.TestRunner.privateRun(TestRunner.java:767)
	at org.testng.TestRunner.run(TestRunner.java:617)
	at org.testng.SuiteRunner.runTest(SuiteRunner.java:334)
	at org.testng.SuiteRunner.runSequentially(SuiteRunner.java:329)
	at org.testng.SuiteRunner.privateRun(SuiteRunner.java:291)
	at org.testng.SuiteRunner.run(SuiteRunner.java:240)
	at org.testng.SuiteRunnerWorker.runSuite(SuiteRunnerWorker.java:52)
	at org.testng.SuiteRunnerWorker.run(SuiteRunnerWorker.java:86)
	at org.testng.TestNG.runSuitesSequentially(TestNG.java:1198)
	at org.testng.TestNG.runSuitesLocally(TestNG.java:1123)
	at org.testng.TestNG.run(TestNG.java:1031)
	at org.apache.maven.surefire.testng.TestNGExecutor.run(TestNGExecutor.java:77)
	at org.apache.maven.surefire.testng.TestNGDirectoryTestSuite.execute(TestNGDirectoryTestSuite.java:110)
	at org.apache.maven.surefire.testng.TestNGProvider.invoke(TestNGProvider.java:106)
	at sun.reflect.NativeMethodAccessorImpl.invoke0(Native Method)
	at sun.reflect.NativeMethodAccessorImpl.invoke(NativeMethodAccessorImpl.java:62)
	at sun.reflect.DelegatingMethodAccessorImpl.invoke(DelegatingMethodAccessorImpl.java:43)
	at java.lang.reflect.Method.invoke(Method.java:498)
	at org.apache.maven.surefire.util.ReflectionUtils.invokeMethodWithArray(ReflectionUtils.java:189)
	at org.apache.maven.surefire.booter.ProviderFactory$ProviderProxy.invoke(ProviderFactory.java:165)
	at org.apache.maven.surefire.booter.ProviderFactory.invokeProvider(ProviderFactory.java:85)
	at org.apache.maven.surefire.booter.ForkedBooter.runSuitesInProcess(ForkedBooter.java:115)
	at org.apache.maven.surefire.booter.ForkedBooter.main(ForkedBooter.java:75)
]]>
            </full-stacktrace>
          </exception> <!-- java.util.NoSuchElementException -->
          <reporter-output>
            <line>
              <![CDATA[Testing while starting browser]]>
            </line>
            <line>
              <![CDATA[Enter your choice]]>
            </line>
            <line>
              <![CDATA[1.Chrome]]>
            </line>
            <line>
              <![CDATA[2.Firefox]]>
            </line>
          </reporter-output>
        </test-method> <!-- StartBrowser -->
        <test-method status="SKIP" signature="HomePageTest()[pri:0, instance:com.AppDirect.Tests.PagesTest@13fee20c]" name="HomePageTest" duration-ms="1" started-at="2017-04-10T11:13:35Z" finished-at="2017-04-10T11:13:35Z">
          <reporter-output>
          </reporter-output>
        </test-method> <!-- HomePageTest -->
        <test-method status="SKIP" signature="SignUpPageTest()[pri:0, instance:com.AppDirect.Tests.PagesTest@13fee20c]" name="SignUpPageTest" duration-ms="1" started-at="2017-04-10T11:13:35Z" depends-on-methods="com.AppDirect.Tests.PagesTest.HomePageTest" finished-at="2017-04-10T11:13:35Z">
          <reporter-output>
          </reporter-output>
        </test-method> <!-- SignUpPageTest -->
        <test-method status="SKIP" signature="EmailPage()[pri:0, instance:com.AppDirect.Tests.PagesTest@13fee20c]" name="EmailPage" duration-ms="0" started-at="2017-04-10T11:13:35Z" depends-on-methods="com.AppDirect.Tests.PagesTest.SignUpPageTest" finished-at="2017-04-10T11:13:35Z">
          <reporter-output>
          </reporter-output>
        </test-method> <!-- EmailPage -->
        <test-method status="SKIP" signature="CloseBrowser()[pri:0, instance:com.AppDirect.Tests.PagesTest@13fee20c]" name="CloseBrowser" is-config="true" duration-ms="0" started-at="2017-04-10T11:13:35Z" finished-at="2017-04-10T11:13:35Z">
          <reporter-output>
          </reporter-output>
        </test-method> <!-- CloseBrowser -->
      </class> <!-- com.AppDirect.Tests.PagesTest -->
    </test> <!-- Command line test -->
  </suite> <!-- com.AppDirect.Tests.PagesTest -->
</testng-results>
